<?xml version="1.0" encoding="UTF-8"?>
<testsuite name="com.logreader.LogFileReadTest" tests="3" skipped="0" failures="0" errors="0" timestamp="2019-03-18T22:00:34" hostname="HP-ROKHVUNS84EC" time="0.014">
  <properties/>
  <testcase name="testRead_EventMapSize" classname="com.logreader.LogFileReadTest" time="0.005"/>
  <testcase name="testRead_EventMapValuesEqual" classname="com.logreader.LogFileReadTest" time="0.001"/>
  <testcase name="testRead_EventMapHasEntry" classname="com.logreader.LogFileReadTest" time="0.007"/>
  <system-out><![CDATA[2019-03-18 23:00:34 [Test worker] INFO  LogFileRead:36 - Attempting to open the file.
]]></system-out>
  <system-err><![CDATA[]]></system-err>
</testsuite>
