<?xml version="1.0" encoding="UTF-8"?>
<testsuite name="com.logreader.AppMainTest" tests="2" skipped="0" failures="0" errors="0" timestamp="2019-06-02T17:36:31" hostname="HP-ROKHVUNS84EC" time="0.639">
  <properties/>
  <testcase name="testLoadAppProperties_PropertyConnectionStringAvailable" classname="com.logreader.AppMainTest" time="0.631"/>
  <testcase name="testLoadAppProperties_PropertyJDBCDriverAvailable" classname="com.logreader.AppMainTest" time="0.006"/>
  <system-out><![CDATA[]]></system-out>
  <system-err><![CDATA[]]></system-err>
</testsuite>
