<?xml version="1.0" encoding="UTF-8"?>
<testsuite name="com.logreader.DbConnectionTest" tests="2" skipped="0" failures="0" errors="0" timestamp="2019-03-19T04:43:57" hostname="HP-ROKHVUNS84EC" time="1.61">
  <properties/>
  <testcase name="testLoadJDBCDriver" classname="com.logreader.DbConnectionTest" time="0.042"/>
  <testcase name="testInsertData" classname="com.logreader.DbConnectionTest" time="1.566"/>
  <system-out><![CDATA[2019-03-19 05:43:57 [Time-limited test] INFO  DbConnection:19 - Attempting to load HSQLDB JDBC driver.
2019-03-19 05:43:58 [Test worker] INFO  DbConnection:19 - Attempting to load HSQLDB JDBC driver.
2019-03-19 05:43:58 [Test worker] INFO  DbConnection:56 - Attempting to connect to database and execute insert query.
2019-03-19 05:43:59 [Test worker] INFO  ENGINE:? - checkpointClose start
2019-03-19 05:43:59 [Test worker] INFO  ENGINE:? - checkpointClose synched
2019-03-19 05:43:59 [Test worker] INFO  ENGINE:? - checkpointClose script done
2019-03-19 05:43:59 [Test worker] INFO  ENGINE:? - checkpointClose end
2019-03-19 05:43:59 [Test worker] INFO  DbConnection:19 - Attempting to load HSQLDB JDBC driver.
2019-03-19 05:43:59 [Test worker] INFO  DbConnection:19 - Attempting to load HSQLDB JDBC driver.
2019-03-19 05:43:59 [Test worker] INFO  DbConnection:37 - Attempting to connect to database and execute create table query.
]]></system-out>
  <system-err><![CDATA[]]></system-err>
</testsuite>
