<?xml version="1.0" encoding="UTF-8"?>
<testsuite name="com.logreader.AppMainTest" tests="2" skipped="0" failures="0" errors="0" timestamp="2019-03-19T00:57:05" hostname="HP-ROKHVUNS84EC" time="0.218">
  <properties/>
  <testcase name="testLoadAppProperties_PropertyConnectionStringAvailable" classname="com.logreader.AppMainTest" time="0.216"/>
  <testcase name="testLoadAppProperties_PropertyJDBCDriverAvailable" classname="com.logreader.AppMainTest" time="0.002"/>
  <system-out><![CDATA[]]></system-out>
  <system-err><![CDATA[]]></system-err>
</testsuite>
