<?xml version="1.0" encoding="UTF-8"?>
<testsuite name="com.logreader.LogFileReadTest" tests="3" skipped="0" failures="0" errors="0" timestamp="2019-03-19T00:57:07" hostname="HP-ROKHVUNS84EC" time="0.013">
  <properties/>
  <testcase name="testRead_EventMapSize" classname="com.logreader.LogFileReadTest" time="0.007"/>
  <testcase name="testRead_EventMapValuesEqual" classname="com.logreader.LogFileReadTest" time="0.001"/>
  <testcase name="testRead_EventMapHasEntry" classname="com.logreader.LogFileReadTest" time="0.003"/>
  <system-out><![CDATA[2019-03-19 01:57:07 [Test worker] INFO  LogFileRead:36 - Attempting to open the file.
]]></system-out>
  <system-err><![CDATA[]]></system-err>
</testsuite>
